<?xml version="1.0" encoding="UTF-8" ?>
<testsuite tests="14" failures="0" name="suites.TestSuite" time="438.665" errors="2" skipped="0">
  <properties>
[...]
</properties>
  <testcase classname="tests.ArticleTests" name="testCompareArticleTitle" time="27.719"/>
  <testcase classname="tests.ArticleTests" name="testWaitForTitleWithoutWaiting" time="25.492"/>
  <testcase classname="tests.ArticleTests" name="testSwipeArticle" time="82.493"/>
  <testcase classname="tests.ChangeAppConditionTests" name="testAmountOfNotEmptySearch" time="17.794"/>
  <testcase classname="tests.ChangeAppConditionTests" name="testAmountOfEmptySearch" time="17.302"/>
  <testcase classname="tests.ChangeAppConditionTests" name="testChangeScreenOrientationOnSearchResults" time="30.933"/>
  <testcase classname="tests.ChangeAppConditionTests" name="testCheckSearchArticleInBackground" time="29.549"/>
  <testcase classname="tests.GetStartedTest" name="testPassThroughWelcome" time="9.971"/>
  <testcase classname="tests.MyListsTests" name="testSaveFirstArticleToMyList" time="59.735">
    <error message="Timed out after 15 seconds: Saved article still present with title Java (programming language)

Build info: version: &apos;2.53.1&apos;, revision: &apos;a36b8b1cd5757287168e54b817830adce9b0158d&apos;, time: &apos;2016-06-30 19:26:09&apos;
System info: host: &apos;Users-iMac.local&apos;, ip: &apos;192.168.1.237&apos;, os.name: &apos;Mac OS X&apos;, os.arch: &apos;x86_64&apos;, os.version: &apos;10.13.6&apos;, java.version: &apos;10&apos;
Driver info: io.appium.java_client.android.AndroidDriver
Capabilities [{appPackage=org.wikipedia, app=/Users/user/Projects/avt-mob_iOS/avt-mob_lesson4/apks/org.wikipedia.apk, deviceScreenSize=1080x1920, networkConnectionEnabled=true, warnings={}, databaseEnabled=false, deviceName=emulator-5554, platform=LINUX, deviceUDID=emulator-5554, appActivity=.main.MainActivity, desired={appPackage=org.wikipedia, appActivity=.main.MainActivity, app=/Users/user/Projects/avt-mob_iOS/avt-mob_lesson4/apks/org.wikipedia.apk, platformVersion=8.1, automationName=Appium, platformName=Android, deviceName=AndroidTestDevice}, platformVersion=8.1.0, webStorageEnabled=false, locationContextEnabled=false, automationName=Appium, takesScreenshot=true, javascriptEnabled=true, deviceModel=Android SDK built for x86, platformName=Android, deviceManufacturer=Google}]
Session ID: 15cd16c4-3f71-4431-8fb6-3baa483c5623" type="org.openqa.selenium.TimeoutException">org.openqa.selenium.TimeoutException: Timed out after 15 seconds: Saved article still present with title Java (programming language)

Build info: version: &apos;2.53.1&apos;, revision: &apos;a36b8b1cd5757287168e54b817830adce9b0158d&apos;, time: &apos;2016-06-30 19:26:09&apos;
System info: host: &apos;Users-iMac.local&apos;, ip: &apos;192.168.1.237&apos;, os.name: &apos;Mac OS X&apos;, os.arch: &apos;x86_64&apos;, os.version: &apos;10.13.6&apos;, java.version: &apos;10&apos;
Driver info: io.appium.java_client.android.AndroidDriver
Capabilities [{appPackage=org.wikipedia, app=/Users/user/Projects/avt-mob_iOS/avt-mob_lesson4/apks/org.wikipedia.apk, deviceScreenSize=1080x1920, networkConnectionEnabled=true, warnings={}, databaseEnabled=false, deviceName=emulator-5554, platform=LINUX, deviceUDID=emulator-5554, appActivity=.main.MainActivity, desired={appPackage=org.wikipedia, appActivity=.main.MainActivity, app=/Users/user/Projects/avt-mob_iOS/avt-mob_lesson4/apks/org.wikipedia.apk, platformVersion=8.1, automationName=Appium, platformName=Android, deviceName=AndroidTestDevice}, platformVersion=8.1.0, webStorageEnabled=false, locationContextEnabled=false, automationName=Appium, takesScreenshot=true, javascriptEnabled=true, deviceModel=Android SDK built for x86, platformName=Android, deviceManufacturer=Google}]
Session ID: 15cd16c4-3f71-4431-8fb6-3baa483c5623
	at org.openqa.selenium.support.ui.WebDriverWait.timeoutException(WebDriverWait.java:80)
	at org.openqa.selenium.support.ui.FluentWait.until(FluentWait.java:261)
	at lib.ui.MainPageObject.waitForElementNotPresent(MainPageObject.java:46)
	at lib.ui.MyListsPageObject.waitForArticleToDisappearByTitle(MyListsPageObject.java:46)
	at lib.ui.MyListsPageObject.swipeByArticleToDelete(MyListsPageObject.java:66)
	at tests.MyListsTests.testSaveFirstArticleToMyList(MyListsTests.java:50)
	at java.base/jdk.internal.reflect.NativeMethodAccessorImpl.invoke0(Native Method)
	at java.base/jdk.internal.reflect.NativeMethodAccessorImpl.invoke(NativeMethodAccessorImpl.java:62)
	at java.base/jdk.internal.reflect.DelegatingMethodAccessorImpl.invoke(DelegatingMethodAccessorImpl.java:43)
	at java.base/java.lang.reflect.Method.invoke(Method.java:564)
	at junit.framework.TestCase.runTest(TestCase.java:176)
	at junit.framework.TestCase.runBare(TestCase.java:141)
	at junit.framework.TestResult$1.protect(TestResult.java:122)
	at junit.framework.TestResult.runProtected(TestResult.java:142)
	at junit.framework.TestResult.run(TestResult.java:125)
	at junit.framework.TestCase.run(TestCase.java:129)
	at junit.framework.TestSuite.runTest(TestSuite.java:252)
	at junit.framework.TestSuite.run(TestSuite.java:247)
	at org.junit.internal.runners.JUnit38ClassRunner.run(JUnit38ClassRunner.java:86)
	at org.junit.runners.Suite.runChild(Suite.java:128)
	at org.junit.runners.Suite.runChild(Suite.java:27)
	at org.junit.runners.ParentRunner$3.run(ParentRunner.java:290)
	at org.junit.runners.ParentRunner$1.schedule(ParentRunner.java:71)
	at org.junit.runners.ParentRunner.runChildren(ParentRunner.java:288)
	at org.junit.runners.ParentRunner.access$000(ParentRunner.java:58)
	at org.junit.runners.ParentRunner$2.evaluate(ParentRunner.java:268)
	at org.junit.runners.ParentRunner.run(ParentRunner.java:363)
	at org.apache.maven.surefire.junit4.JUnit4Provider.execute(JUnit4Provider.java:252)
	at org.apache.maven.surefire.junit4.JUnit4Provider.executeTestSet(JUnit4Provider.java:141)
	at org.apache.maven.surefire.junit4.JUnit4Provider.invoke(JUnit4Provider.java:112)
	at java.base/jdk.internal.reflect.NativeMethodAccessorImpl.invoke0(Native Method)
	at java.base/jdk.internal.reflect.NativeMethodAccessorImpl.invoke(NativeMethodAccessorImpl.java:62)
	at java.base/jdk.internal.reflect.DelegatingMethodAccessorImpl.invoke(DelegatingMethodAccessorImpl.java:43)
	at java.base/java.lang.reflect.Method.invoke(Method.java:564)
	at org.apache.maven.surefire.util.ReflectionUtils.invokeMethodWithArray(ReflectionUtils.java:189)
	at org.apache.maven.surefire.booter.ProviderFactory$ProviderProxy.invoke(ProviderFactory.java:165)
	at org.apache.maven.surefire.booter.ProviderFactory.invokeProvider(ProviderFactory.java:85)
	at org.apache.maven.surefire.booter.ForkedBooter.runSuitesInProcess(ForkedBooter.java:115)
	at org.apache.maven.surefire.booter.ForkedBooter.main(ForkedBooter.java:75)
</error>
  </testcase>
  <testcase classname="tests.MyListsTests" name="testSaveTwoArticlesToMyListAndDeleteOneOfThem" time="61.672"/>
  <testcase classname="tests.SearchTests" name="testCancelSearch" time="13.153"/>
  <testcase classname="tests.SearchTests" name="testCancelSearchAfterFindingSeveralArticles" time="17.893"/>
  <testcase classname="tests.SearchTests" name="testSearchElementByTitleAndDescription" time="28.265">
    <error message="Timed out after 10 seconds: Cannot find search result with title Berlin and description Capital and largest city of Germany

Build info: version: &apos;2.53.1&apos;, revision: &apos;a36b8b1cd5757287168e54b817830adce9b0158d&apos;, time: &apos;2016-06-30 19:26:09&apos;
System info: host: &apos;Users-iMac.local&apos;, ip: &apos;192.168.1.237&apos;, os.name: &apos;Mac OS X&apos;, os.arch: &apos;x86_64&apos;, os.version: &apos;10.13.6&apos;, java.version: &apos;10&apos;
Driver info: io.appium.java_client.android.AndroidDriver
Capabilities [{appPackage=org.wikipedia, app=/Users/user/Projects/avt-mob_iOS/avt-mob_lesson4/apks/org.wikipedia.apk, deviceScreenSize=1080x1920, networkConnectionEnabled=true, warnings={}, databaseEnabled=false, deviceName=emulator-5554, platform=LINUX, deviceUDID=emulator-5554, appActivity=.main.MainActivity, desired={appPackage=org.wikipedia, appActivity=.main.MainActivity, app=/Users/user/Projects/avt-mob_iOS/avt-mob_lesson4/apks/org.wikipedia.apk, platformVersion=8.1, automationName=Appium, platformName=Android, deviceName=AndroidTestDevice}, platformVersion=8.1.0, webStorageEnabled=false, locationContextEnabled=false, automationName=Appium, takesScreenshot=true, javascriptEnabled=true, deviceModel=Android SDK built for x86, platformName=Android, deviceManufacturer=Google}]
Session ID: b58ee734-7061-4e54-bbb0-2557086ed3f3" type="org.openqa.selenium.TimeoutException">org.openqa.selenium.TimeoutException: Timed out after 10 seconds: Cannot find search result with title Berlin and description Capital and largest city of Germany

Build info: version: &apos;2.53.1&apos;, revision: &apos;a36b8b1cd5757287168e54b817830adce9b0158d&apos;, time: &apos;2016-06-30 19:26:09&apos;
System info: host: &apos;Users-iMac.local&apos;, ip: &apos;192.168.1.237&apos;, os.name: &apos;Mac OS X&apos;, os.arch: &apos;x86_64&apos;, os.version: &apos;10.13.6&apos;, java.version: &apos;10&apos;
Driver info: io.appium.java_client.android.AndroidDriver
Capabilities [{appPackage=org.wikipedia, app=/Users/user/Projects/avt-mob_iOS/avt-mob_lesson4/apks/org.wikipedia.apk, deviceScreenSize=1080x1920, networkConnectionEnabled=true, warnings={}, databaseEnabled=false, deviceName=emulator-5554, platform=LINUX, deviceUDID=emulator-5554, appActivity=.main.MainActivity, desired={appPackage=org.wikipedia, appActivity=.main.MainActivity, app=/Users/user/Projects/avt-mob_iOS/avt-mob_lesson4/apks/org.wikipedia.apk, platformVersion=8.1, automationName=Appium, platformName=Android, deviceName=AndroidTestDevice}, platformVersion=8.1.0, webStorageEnabled=false, locationContextEnabled=false, automationName=Appium, takesScreenshot=true, javascriptEnabled=true, deviceModel=Android SDK built for x86, platformName=Android, deviceManufacturer=Google}]
Session ID: b58ee734-7061-4e54-bbb0-2557086ed3f3
	at org.openqa.selenium.support.ui.WebDriverWait.timeoutException(WebDriverWait.java:80)
	at org.openqa.selenium.support.ui.FluentWait.until(FluentWait.java:261)
	at lib.ui.MainPageObject.waitForElementPresent(MainPageObject.java:31)
	at lib.ui.SearchPageObject.waitForElementByTitleAndDescription(SearchPageObject.java:107)
	at lib.ui.SearchPageObject.waitForTitleAndDescription(SearchPageObject.java:141)
	at tests.SearchTests.testSearchElementByTitleAndDescription(SearchTests.java:56)
	at java.base/jdk.internal.reflect.NativeMethodAccessorImpl.invoke0(Native Method)
	at java.base/jdk.internal.reflect.NativeMethodAccessorImpl.invoke(NativeMethodAccessorImpl.java:62)
	at java.base/jdk.internal.reflect.DelegatingMethodAccessorImpl.invoke(DelegatingMethodAccessorImpl.java:43)
	at java.base/java.lang.reflect.Method.invoke(Method.java:564)
	at junit.framework.TestCase.runTest(TestCase.java:176)
	at junit.framework.TestCase.runBare(TestCase.java:141)
	at junit.framework.TestResult$1.protect(TestResult.java:122)
	at junit.framework.TestResult.runProtected(TestResult.java:142)
	at junit.framework.TestResult.run(TestResult.java:125)
	at junit.framework.TestCase.run(TestCase.java:129)
	at junit.framework.TestSuite.runTest(TestSuite.java:252)
	at junit.framework.TestSuite.run(TestSuite.java:247)
	at org.junit.internal.runners.JUnit38ClassRunner.run(JUnit38ClassRunner.java:86)
	at org.junit.runners.Suite.runChild(Suite.java:128)
	at org.junit.runners.Suite.runChild(Suite.java:27)
	at org.junit.runners.ParentRunner$3.run(ParentRunner.java:290)
	at org.junit.runners.ParentRunner$1.schedule(ParentRunner.java:71)
	at org.junit.runners.ParentRunner.runChildren(ParentRunner.java:288)
	at org.junit.runners.ParentRunner.access$000(ParentRunner.java:58)
	at org.junit.runners.ParentRunner$2.evaluate(ParentRunner.java:268)
	at org.junit.runners.ParentRunner.run(ParentRunner.java:363)
	at org.apache.maven.surefire.junit4.JUnit4Provider.execute(JUnit4Provider.java:252)
	at org.apache.maven.surefire.junit4.JUnit4Provider.executeTestSet(JUnit4Provider.java:141)
	at org.apache.maven.surefire.junit4.JUnit4Provider.invoke(JUnit4Provider.java:112)
	at java.base/jdk.internal.reflect.NativeMethodAccessorImpl.invoke0(Native Method)
	at java.base/jdk.internal.reflect.NativeMethodAccessorImpl.invoke(NativeMethodAccessorImpl.java:62)
	at java.base/jdk.internal.reflect.DelegatingMethodAccessorImpl.invoke(DelegatingMethodAccessorImpl.java:43)
	at java.base/java.lang.reflect.Method.invoke(Method.java:564)
	at org.apache.maven.surefire.util.ReflectionUtils.invokeMethodWithArray(ReflectionUtils.java:189)
	at org.apache.maven.surefire.booter.ProviderFactory$ProviderProxy.invoke(ProviderFactory.java:165)
	at org.apache.maven.surefire.booter.ProviderFactory.invokeProvider(ProviderFactory.java:85)
	at org.apache.maven.surefire.booter.ForkedBooter.runSuitesInProcess(ForkedBooter.java:115)
	at org.apache.maven.surefire.booter.ForkedBooter.main(ForkedBooter.java:75)
Caused by: org.openqa.selenium.InvalidSelectorException: Argument was an invalid selector (e.g. XPath/CSS). (WARNING: The server did not provide any stacktrace information)
Command duration or timeout: 7 milliseconds
For documentation on this error, please visit: http://seleniumhq.org/exceptions/invalid_selector_exception.html
Build info: version: &apos;2.53.1&apos;, revision: &apos;a36b8b1cd5757287168e54b817830adce9b0158d&apos;, time: &apos;2016-06-30 19:26:09&apos;
System info: host: &apos;Users-iMac.local&apos;, ip: &apos;192.168.1.237&apos;, os.name: &apos;Mac OS X&apos;, os.arch: &apos;x86_64&apos;, os.version: &apos;10.13.6&apos;, java.version: &apos;10&apos;
Driver info: io.appium.java_client.android.AndroidDriver
Capabilities [{appPackage=org.wikipedia, app=/Users/user/Projects/avt-mob_iOS/avt-mob_lesson4/apks/org.wikipedia.apk, deviceScreenSize=1080x1920, networkConnectionEnabled=true, warnings={}, databaseEnabled=false, deviceName=emulator-5554, platform=LINUX, deviceUDID=emulator-5554, appActivity=.main.MainActivity, desired={appPackage=org.wikipedia, appActivity=.main.MainActivity, app=/Users/user/Projects/avt-mob_iOS/avt-mob_lesson4/apks/org.wikipedia.apk, platformVersion=8.1, automationName=Appium, platformName=Android, deviceName=AndroidTestDevice}, platformVersion=8.1.0, webStorageEnabled=false, locationContextEnabled=false, automationName=Appium, takesScreenshot=true, javascriptEnabled=true, deviceModel=Android SDK built for x86, platformName=Android, deviceManufacturer=Google}]
Session ID: b58ee734-7061-4e54-bbb0-2557086ed3f3
*** Element info: {Using=xpath, value=//*[@resource-id=&apos;org.wikipedia:id/page_list_item_container&apos;]org.wikipedia:id/page_list_item_title/../*[@resource-id=&apos;org.wikipedia:id/page_list_item_description&apos;][@text=&apos;Capital and largest city of Germany&apos;]}
	at jdk.internal.reflect.GeneratedConstructorAccessor8.newInstance(Unknown Source)
	at java.base/jdk.internal.reflect.DelegatingConstructorAccessorImpl.newInstance(DelegatingConstructorAccessorImpl.java:45)
	at java.base/java.lang.reflect.Constructor.newInstance(Constructor.java:488)
	at org.openqa.selenium.remote.ErrorHandler.createThrowable(ErrorHandler.java:206)
	at org.openqa.selenium.remote.ErrorHandler.throwIfResponseFailed(ErrorHandler.java:158)
	at org.openqa.selenium.remote.RemoteWebDriver.execute(RemoteWebDriver.java:678)
	at io.appium.java_client.DefaultGenericMobileDriver.execute(DefaultGenericMobileDriver.java:40)
	at io.appium.java_client.AppiumDriver.execute(AppiumDriver.java:1)
	at io.appium.java_client.android.AndroidDriver.execute(AndroidDriver.java:1)
	at org.openqa.selenium.remote.RemoteWebDriver.findElement(RemoteWebDriver.java:363)
	at io.appium.java_client.DefaultGenericMobileDriver.findElement(DefaultGenericMobileDriver.java:56)
	at io.appium.java_client.AppiumDriver.findElement(AppiumDriver.java:1)
	at io.appium.java_client.android.AndroidDriver.findElement(AndroidDriver.java:1)
	at org.openqa.selenium.remote.RemoteWebDriver.findElementByXPath(RemoteWebDriver.java:500)
	at io.appium.java_client.DefaultGenericMobileDriver.findElementByXPath(DefaultGenericMobileDriver.java:134)
	at io.appium.java_client.AppiumDriver.findElementByXPath(AppiumDriver.java:1)
	at io.appium.java_client.android.AndroidDriver.findElementByXPath(AndroidDriver.java:1)
	at org.openqa.selenium.By$ByXPath.findElement(By.java:361)
	at org.openqa.selenium.remote.RemoteWebDriver.findElement(RemoteWebDriver.java:355)
	at io.appium.java_client.DefaultGenericMobileDriver.findElement(DefaultGenericMobileDriver.java:52)
	at io.appium.java_client.AppiumDriver.findElement(AppiumDriver.java:1)
	at io.appium.java_client.android.AndroidDriver.findElement(AndroidDriver.java:1)
	at org.openqa.selenium.support.ui.ExpectedConditions.findElement(ExpectedConditions.java:899)
	at org.openqa.selenium.support.ui.ExpectedConditions.access$000(ExpectedConditions.java:41)
	at org.openqa.selenium.support.ui.ExpectedConditions$6.apply(ExpectedConditions.java:181)
	at org.openqa.selenium.support.ui.ExpectedConditions$6.apply(ExpectedConditions.java:178)
	at org.openqa.selenium.support.ui.FluentWait.until(FluentWait.java:238)
	... 37 more
</error>
  </testcase>
  <testcase classname="tests.SearchTests" name="testSearch" time="16.694"/>
</testsuite>